TN:
SF:src/parser/PokerStarsParser.ts
FN:24,(anonymous_0)
FN:34,(anonymous_1)
FN:37,(anonymous_2)
FN:50,(anonymous_3)
FN:60,(anonymous_4)
FN:124,(anonymous_5)
FN:153,(anonymous_6)
FN:172,(anonymous_7)
FN:200,(anonymous_8)
FN:246,(anonymous_9)
FN:270,(anonymous_10)
FN:295,(anonymous_11)
FN:407,(anonymous_12)
FN:417,(anonymous_13)
FN:421,(anonymous_14)
FN:425,(anonymous_15)
FN:435,(anonymous_16)
FN:458,(anonymous_17)
FN:485,(anonymous_18)
FN:519,(anonymous_19)
FN:520,(anonymous_20)
FN:533,(anonymous_21)
FN:556,(anonymous_22)
FN:582,(anonymous_23)
FN:612,(anonymous_24)
FN:617,(anonymous_25)
FN:619,(anonymous_26)
FN:625,(anonymous_27)
FN:630,(anonymous_28)
FN:633,(anonymous_29)
FN:641,(anonymous_30)
FN:644,(anonymous_31)
FN:654,(anonymous_32)
FN:665,(anonymous_33)
FN:666,(anonymous_34)
FN:667,(anonymous_35)
FN:676,(anonymous_36)
FN:688,(anonymous_37)
FN:719,(anonymous_38)
FN:729,(anonymous_39)
FN:739,(anonymous_40)
FN:750,(anonymous_41)
FN:757,(anonymous_42)
FN:761,(anonymous_43)
FNF:44
FNH:41
FNDA:59,(anonymous_0)
FNDA:277,(anonymous_1)
FNDA:5978,(anonymous_2)
FNDA:277,(anonymous_3)
FNDA:273,(anonymous_4)
FNDA:273,(anonymous_5)
FNDA:261,(anonymous_6)
FNDA:261,(anonymous_7)
FNDA:261,(anonymous_8)
FNDA:261,(anonymous_9)
FNDA:655,(anonymous_10)
FNDA:2146,(anonymous_11)
FNDA:261,(anonymous_12)
FNDA:261,(anonymous_13)
FNDA:261,(anonymous_14)
FNDA:522,(anonymous_15)
FNDA:261,(anonymous_16)
FNDA:261,(anonymous_17)
FNDA:261,(anonymous_18)
FNDA:261,(anonymous_19)
FNDA:33,(anonymous_20)
FNDA:39,(anonymous_21)
FNDA:250,(anonymous_22)
FNDA:24,(anonymous_23)
FNDA:41,(anonymous_24)
FNDA:55,(anonymous_25)
FNDA:36,(anonymous_26)
FNDA:57,(anonymous_27)
FNDA:48,(anonymous_28)
FNDA:75,(anonymous_29)
FNDA:250,(anonymous_30)
FNDA:271,(anonymous_31)
FNDA:214,(anonymous_32)
FNDA:0,(anonymous_33)
FNDA:0,(anonymous_34)
FNDA:0,(anonymous_35)
FNDA:214,(anonymous_36)
FNDA:250,(anonymous_37)
FNDA:261,(anonymous_38)
FNDA:2494,(anonymous_39)
FNDA:16,(anonymous_40)
FNDA:10010,(anonymous_41)
FNDA:5956,(anonymous_42)
FNDA:8294,(anonymous_43)
DA:15,3
DA:25,59
DA:26,59
DA:27,59
DA:28,59
DA:29,59
DA:30,59
DA:31,59
DA:35,277
DA:36,277
DA:37,5978
DA:39,273
DA:40,0
DA:43,273
DA:44,261
DA:46,16
DA:51,277
DA:52,277
DA:53,277
DA:54,277
DA:55,277
DA:56,277
DA:57,277
DA:61,273
DA:62,261
DA:63,261
DA:64,261
DA:65,261
DA:66,261
DA:67,261
DA:70,261
DA:71,261
DA:74,261
DA:75,261
DA:78,261
DA:79,261
DA:80,192
DA:81,192
DA:82,192
DA:86,261
DA:87,261
DA:88,183
DA:89,183
DA:90,183
DA:94,261
DA:95,261
DA:96,19
DA:97,19
DA:98,19
DA:102,261
DA:103,261
DA:106,261
DA:109,261
DA:111,261
DA:125,273
DA:126,273
DA:127,273
DA:128,273
DA:129,273
DA:131,273
DA:132,11
DA:135,262
DA:137,262
DA:138,1
DA:141,261
DA:143,261
DA:145,261
DA:154,261
DA:155,261
DA:156,261
DA:157,261
DA:159,261
DA:160,0
DA:163,261
DA:165,261
DA:173,261
DA:175,261
DA:176,643
DA:177,643
DA:179,643
DA:180,638
DA:187,638
DA:190,638
DA:191,638
DA:194,643
DA:197,261
DA:201,261
DA:202,261
DA:204,261
DA:205,459
DA:208,459
DA:209,459
DA:212,459
DA:215,459
DA:216,459
DA:218,459
DA:219,250
DA:220,250
DA:221,250
DA:222,209
DA:223,190
DA:224,190
DA:225,190
DA:226,19
DA:227,17
DA:228,17
DA:229,17
DA:230,2
DA:231,1
DA:232,1
DA:233,1
DA:234,1
DA:235,1
DA:236,1
DA:237,1
DA:240,459
DA:243,261
DA:247,261
DA:249,261
DA:250,218
DA:252,218
DA:253,184
DA:254,184
DA:256,184
DA:257,184
DA:258,184
DA:259,184
DA:263,184
DA:267,261
DA:271,655
DA:273,655
DA:274,2623
DA:277,2623
DA:280,477
DA:283,2146
DA:284,2146
DA:285,1978
DA:286,1978
DA:288,168
DA:292,655
DA:297,2146
DA:304,2146
DA:305,6384
DA:306,6384
DA:307,39
DA:310,39
DA:311,16
DA:313,23
DA:316,39
DA:317,39
DA:320,39
DA:321,39
DA:322,39
DA:323,39
DA:325,39
DA:330,2107
DA:342,2107
DA:343,16806
DA:344,16806
DA:345,11
DA:346,11
DA:349,11
DA:350,3
DA:351,8
DA:352,3
DA:355,11
DA:360,2096
DA:371,2096
DA:372,7813
DA:373,7813
DA:374,1928
DA:377,1928
DA:378,183
DA:379,1745
DA:380,885
DA:381,860
DA:382,167
DA:386,1928
DA:387,343
DA:388,1585
DA:389,899
DA:390,899
DA:391,899
DA:392,686
DA:393,169
DA:394,169
DA:395,517
DA:396,167
DA:397,167
DA:400,1928
DA:404,168
DA:408,261
DA:409,192
DA:410,192
DA:411,192
DA:412,192
DA:414,69
DA:418,261
DA:422,261
DA:426,522
DA:427,202
DA:428,202
DA:429,202
DA:430,202
DA:432,320
DA:436,261
DA:438,261
DA:439,18
DA:441,18
DA:442,99
DA:443,99
DA:445,99
DA:446,57
DA:447,57
DA:448,57
DA:451,99
DA:455,261
DA:460,261
DA:463,261
DA:466,261
DA:467,169
DA:470,261
DA:471,11
DA:474,250
DA:477,250
DA:480,250
DA:482,250
DA:486,261
DA:488,261
DA:490,5956
DA:496,5956
DA:497,17814
DA:498,17814
DA:499,213
DA:506,213
DA:507,12
DA:510,213
DA:511,213
DA:516,261
DA:520,261
DA:522,261
DA:529,261
DA:530,18
DA:531,18
DA:533,18
DA:535,39
DA:538,39
DA:540,39
DA:541,18
DA:543,21
DA:549,39
DA:553,261
DA:557,250
DA:559,250
DA:560,250
DA:561,250
DA:563,250
DA:564,250
DA:567,250
DA:568,250
DA:570,250
DA:572,17
DA:579,17
DA:582,17
DA:583,24
DA:584,24
DA:591,24
DA:595,233
DA:600,233
DA:603,250
DA:606,0
DA:609,250
DA:614,41
DA:615,17
DA:617,55
DA:619,36
DA:620,17
DA:624,24
DA:625,57
DA:627,24
DA:628,21
DA:630,48
DA:632,21
DA:633,75
DA:635,21
DA:638,3
DA:643,250
DA:644,274
DA:645,271
DA:646,35
DA:647,236
DA:648,191
DA:650,45
DA:654,274
DA:656,274
DA:657,6
DA:660,6
DA:661,6
DA:663,6
DA:665,0
DA:666,0
DA:667,0
DA:669,0
DA:670,0
DA:676,274
DA:679,274
DA:680,69
DA:685,250
DA:689,250
DA:692,250
DA:693,1022
DA:695,1022
DA:696,1022
DA:697,1022
DA:699,1022
DA:700,203
DA:701,203
DA:704,203
DA:705,249
DA:706,0
DA:707,0
DA:712,1022
DA:716,250
DA:720,261
DA:721,638
DA:722,638
DA:723,184
DA:724,184
DA:730,2494
DA:740,16
DA:751,10010
DA:752,0
DA:754,10010
DA:758,5956
DA:762,8294
LF:335
LH:324
BRDA:39,0,0,0
BRDA:46,1,0,16
BRDA:46,1,1,0
BRDA:71,2,0,261
BRDA:79,3,0,192
BRDA:87,4,0,183
BRDA:95,5,0,19
BRDA:131,6,0,11
BRDA:135,7,0,261
BRDA:135,7,1,1
BRDA:137,8,0,1
BRDA:159,9,0,0
BRDA:167,10,0,261
BRDA:167,10,1,0
BRDA:168,11,0,261
BRDA:168,11,1,0
BRDA:175,12,0,904
BRDA:175,12,1,897
BRDA:179,13,0,638
BRDA:204,14,0,720
BRDA:204,14,1,712
BRDA:218,15,0,250
BRDA:218,15,1,209
BRDA:222,16,0,190
BRDA:222,16,1,19
BRDA:226,17,0,17
BRDA:226,17,1,2
BRDA:230,18,0,1
BRDA:230,18,1,1
BRDA:234,19,0,1
BRDA:249,20,0,218
BRDA:249,21,0,261
BRDA:249,21,1,253
BRDA:252,22,0,402
BRDA:252,22,1,400
BRDA:256,23,0,184
BRDA:258,24,0,184
BRDA:277,25,0,477
BRDA:277,26,0,2623
BRDA:277,26,1,2431
BRDA:277,26,2,2248
BRDA:277,26,3,2229
BRDA:277,26,4,2211
BRDA:284,27,0,1978
BRDA:284,27,1,168
BRDA:306,28,0,39
BRDA:310,29,0,16
BRDA:310,29,1,23
BRDA:321,30,0,39
BRDA:321,30,1,0
BRDA:344,31,0,11
BRDA:349,32,0,3
BRDA:349,32,1,8
BRDA:351,33,0,3
BRDA:373,34,0,1928
BRDA:374,35,0,167
BRDA:374,35,1,1761
BRDA:377,36,0,183
BRDA:377,36,1,1745
BRDA:379,37,0,885
BRDA:379,37,1,860
BRDA:379,38,0,1745
BRDA:379,38,1,1375
BRDA:379,38,2,1029
BRDA:381,39,0,167
BRDA:386,40,0,343
BRDA:386,40,1,1585
BRDA:388,41,0,899
BRDA:388,41,1,686
BRDA:388,42,0,1585
BRDA:388,42,1,1235
BRDA:388,42,2,865
BRDA:388,42,3,519
BRDA:389,43,0,899
BRDA:389,43,1,0
BRDA:392,44,0,169
BRDA:392,44,1,517
BRDA:392,45,0,686
BRDA:392,45,1,336
BRDA:393,46,0,169
BRDA:393,46,1,0
BRDA:395,47,0,167
BRDA:395,48,0,517
BRDA:395,48,1,167
BRDA:396,49,0,167
BRDA:396,49,1,0
BRDA:408,50,0,192
BRDA:408,51,0,261
BRDA:408,51,1,251
BRDA:412,52,0,192
BRDA:412,52,1,0
BRDA:426,53,0,202
BRDA:426,54,0,522
BRDA:426,54,1,502
BRDA:430,55,0,202
BRDA:430,55,1,0
BRDA:438,56,0,18
BRDA:438,57,0,261
BRDA:438,57,1,251
BRDA:441,58,0,117
BRDA:441,58,1,117
BRDA:445,59,0,57
BRDA:466,60,0,430
BRDA:466,60,1,419
BRDA:470,61,0,11
BRDA:498,62,0,213
BRDA:506,63,0,12
BRDA:506,64,0,213
BRDA:506,64,1,22
BRDA:529,65,0,18
BRDA:536,66,0,39
BRDA:536,66,1,0
BRDA:540,67,0,18
BRDA:540,67,1,21
BRDA:563,68,0,250
BRDA:570,69,0,17
BRDA:570,69,1,233
BRDA:583,70,0,14
BRDA:583,70,1,10
BRDA:614,71,0,17
BRDA:627,72,0,21
BRDA:632,73,0,21
BRDA:645,74,0,35
BRDA:645,74,1,236
BRDA:645,75,0,271
BRDA:645,75,1,58
BRDA:646,76,0,35
BRDA:646,76,1,24
BRDA:647,77,0,191
BRDA:647,78,0,236
BRDA:647,78,1,213
BRDA:647,78,2,197
BRDA:656,79,0,6
BRDA:663,80,0,0
BRDA:669,81,0,0
BRDA:679,82,0,69
BRDA:697,83,0,1022
BRDA:697,83,1,984
BRDA:699,84,0,203
BRDA:705,85,0,0
BRDA:705,86,0,249
BRDA:705,86,1,189
BRDA:722,87,0,184
BRDA:729,88,0,0
BRDA:745,89,0,12
BRDA:745,89,1,4
BRDA:751,90,0,0
BRF:147
BRH:130
end_of_record
